#
# There is insufficient memory for the Java Runtime Environment to continue.
# Native memory allocation (malloc) failed to allocate 32744 bytes for ChunkPool::allocate
# Possible reasons:
#   The system is out of physical RAM or swap space
#   In 32 bit mode, the process size limit was hit
# Possible solutions:
#   Reduce memory load on the system
#   Increase physical memory or swap space
#   Check if swap backing store is full
#   Use 64 bit Java on a 64 bit OS
#   Decrease Java heap size (-Xmx/-Xms)
#   Decrease number of Java threads
#   Decrease Java thread stack sizes (-Xss)
#   Set larger code cache with -XX:ReservedCodeCacheSize=
# This output file may be truncated or incomplete.
#
#  Out of Memory Error (allocation.cpp:273), pid=9556, tid=7708
#
# JRE version: Java(TM) SE Runtime Environment (8.0_45-b15) (build 1.8.0_45-b15)
# Java VM: Java HotSpot(TM) 64-Bit Server VM (25.45-b02 mixed mode windows-amd64 compressed oops)
# Failed to write core dump. Minidumps are not enabled by default on client versions of Windows
#

---------------  T H R E A D  ---------------

Current thread (0x0000000016746000):  JavaThread "C2 CompilerThread0" daemon [_thread_in_native, id=7708, stack(0x0000000017c60000,0x0000000017d60000)]

Stack: [0x0000000017c60000,0x0000000017d60000]
Native frames: (J=compiled Java code, j=interpreted, Vv=VM code, C=native code)
V  [jvm.dll+0x32b57a]
V  [jvm.dll+0x279873]
V  [jvm.dll+0x27a509]
V  [jvm.dll+0x271825]
V  [jvm.dll+0xcb804]
V  [jvm.dll+0xcba27]
V  [jvm.dll+0xcbeac]
V  [jvm.dll+0x4d6239]
V  [jvm.dll+0x4d6346]
V  [jvm.dll+0x4da3ea]
V  [jvm.dll+0x4db851]
V  [jvm.dll+0x4dc287]
V  [jvm.dll+0x46a551]
V  [jvm.dll+0x46cd52]
V  [jvm.dll+0x4500f2]
V  [jvm.dll+0xa4352]
V  [jvm.dll+0xa4c8f]
V  [jvm.dll+0x241984]
V  [jvm.dll+0x29853a]
C  [msvcr100.dll+0x21d9f]
C  [msvcr100.dll+0x21e3b]
C  [kernel32.dll+0x1f56d]
C  [ntdll.dll+0x33281]


Current CompileTask:
C2:  26166  752       4       com.android.dx.util.Bits::set (38 bytes)


---------------  P R O C E S S  ---------------

Java Threads: ( => current thread )
  0x00000000167b4000 JavaThread "Service Thread" daemon [_thread_blocked, id=7096, stack(0x0000000018120000,0x0000000018220000)]
  0x000000001679d800 JavaThread "C1 CompilerThread3" daemon [_thread_in_vm, id=5080, stack(0x0000000017fb0000,0x00000000180b0000)]
  0x000000001679a800 JavaThread "C2 CompilerThread2" daemon [_thread_in_native, id=9416, stack(0x0000000017eb0000,0x0000000017fb0000)]
  0x000000001679a000 JavaThread "C2 CompilerThread1" daemon [_thread_in_native, id=7016, stack(0x00000000177f0000,0x00000000178f0000)]
=>0x0000000016746000 JavaThread "C2 CompilerThread0" daemon [_thread_in_native, id=7708, stack(0x0000000017c60000,0x0000000017d60000)]
  0x0000000016744800 JavaThread "Attach Listener" daemon [_thread_blocked, id=4588, stack(0x0000000017d80000,0x0000000017e80000)]
  0x0000000016743000 JavaThread "Signal Dispatcher" daemon [_thread_blocked, id=9580, stack(0x0000000017b50000,0x0000000017c50000)]
  0x000000001557d000 JavaThread "Finalizer" daemon [_thread_blocked, id=9516, stack(0x0000000017a00000,0x0000000017b00000)]
  0x0000000015576800 JavaThread "Reference Handler" daemon [_thread_blocked, id=5816, stack(0x0000000017900000,0x0000000017a00000)]
  0x00000000023bf000 JavaThread "main" [_thread_blocked, id=9936, stack(0x00000000023c0000,0x00000000024c0000)]

Other Threads:
  0x00000000166f2800 VMThread [stack: 0x0000000017670000,0x0000000017770000] [id=10000]
  0x00000000167b6000 WatcherThread [stack: 0x0000000018340000,0x0000000018440000] [id=9056]

VM state:not at safepoint (normal execution)

VM Mutex/Monitor currently owned by a thread:  ([mutex/lock_event])
[0x00000000023b9200] CodeCache_lock - owner thread: 0x000000001679d800
[0x00000000023bd510] Compile_lock - owner thread: 0x000000001679d800
[0x00000000023bd610] MethodCompileQueue_lock - owner thread: 0x000000001679d800

Heap:
 PSYoungGen      total 18944K, used 3926K [0x00000000eab00000, 0x00000000ed000000, 0x0000000100000000)
  eden space 16384K, 8% used [0x00000000eab00000,0x00000000eac58f80,0x00000000ebb00000)
  from space 2560K, 99% used [0x00000000ebd80000,0x00000000ebffc8d0,0x00000000ec000000)
  to   space 2560K, 0% used [0x00000000ebb00000,0x00000000ebb00000,0x00000000ebd80000)
 ParOldGen       total 18432K, used 7885K [0x00000000c0000000, 0x00000000c1200000, 0x00000000eab00000)
  object space 18432K, 42% used [0x00000000c0000000,0x00000000c07b34d0,0x00000000c1200000)
 Metaspace       used 5729K, capacity 7024K, committed 7296K, reserved 1062912K
  class space    used 547K, capacity 616K, committed 640K, reserved 1048576K

Card table byte_map: [0x0000000011b50000,0x0000000011d60000] byte_map_base: 0x0000000011550000

Marking Bits: (ParMarkBitMap*) 0x0000000053aa4040
 Begin Bits: [0x0000000012990000, 0x0000000013990000)
 End Bits:   [0x0000000013990000, 0x0000000014990000)

Polling page: 0x0000000000230000

CodeCache: size=245760Kb used=4955Kb max_used=4956Kb free=240804Kb
 bounds [0x0000000002790000, 0x0000000002c70000, 0x0000000011790000]
 total_blobs=1619 nmethods=1355 adapters=176
 compilation: enabled

Compilation events (10 events):
Event: 18.021 Thread 0x000000001679d800  692   !   3       com.android.dx.cf.code.ExecutionStack::push (102 bytes)
Event: 18.023 Thread 0x000000001679d800 nmethod 692 0x0000000002a4dc50 code [0x0000000002a4dec0, 0x0000000002a4ef48]
Event: 18.023 Thread 0x000000001679d800  724       3       com.android.dx.ssa.InterferenceRegisterMapper::interferes (78 bytes)
Event: 19.025 Thread 0x000000001679d800 

Event: 22.402 Thread 0x000000001679d800  728   !   3       com.android.dx.cf.direct.StdAttributeFactory::parseLocalVariables (274 bytes)
Event: 22.404 Thread 0x0000000016746000  745   !   4       com.android.dx.util.IntList::set (53 bytes)
Event: 22.404 Thread 0x000000001679a800  750       4       com.android.dx.ssa.NormalSsaInsn::accept (25 bytes)
Event: 22.405 Thread 0x0000000016746000 nmethod 745 0x000000000288fed0 code [0x0000000002890020, 0x00000000028900f8]
Event: 22.405 Thread 0x0000000016746000  752       4       com.android.dx.util.Bits::set (38 bytes)
Event: 22.405 Thread 0x000000001679a000  753       4       com.android.dx.ssa.SsaBasicBlock::isReachable (29 bytes)

GC Heap History (6 events):
Event: 14.896 GC heap before
{Heap before GC invocations=1 (full 0):
 PSYoungGen      total 18944K, used 5269K [0x00000000eab00000, 0x00000000ec000000, 0x0000000100000000)
  eden space 16384K, 32% used [0x00000000eab00000,0x00000000eb0257f8,0x00000000ebb00000)
  from space 2560K, 0% used [0x00000000ebd80000,0x00000000ebd80000,0x00000000ec000000)
  to   space 2560K, 0% used [0x00000000ebb00000,0x00000000ebb00000,0x00000000ebd80000)
 ParOldGen       total 44032K, used 0K [0x00000000c0000000, 0x00000000c2b00000, 0x00000000eab00000)
  object space 44032K, 0% used [0x00000000c0000000,0x00000000c0000000,0x00000000c2b00000)
 Metaspace       used 4125K, capacity 5584K, committed 5760K, reserved 1058816K
  class space    used 448K, capacity 520K, committed 640K, reserved 1048576K
Event: 14.941 GC heap after
Heap after GC invocations=1 (full 0):
 PSYoungGen      total 18944K, used 1898K [0x00000000eab00000, 0x00000000ec000000, 0x0000000100000000)
  eden space 16384K, 0% used [0x00000000eab00000,0x00000000eab00000,0x00000000ebb00000)
  from space 2560K, 74% used [0x00000000ebb00000,0x00000000ebcda968,0x00000000ebd80000)
  to   space 2560K, 0% used [0x00000000ebd80000,0x00000000ebd80000,0x00000000ec000000)
 ParOldGen       total 44032K, used 8K [0x00000000c0000000, 0x00000000c2b00000, 0x00000000eab00000)
  object space 44032K, 0% used [0x00000000c0000000,0x00000000c0002000,0x00000000c2b00000)
 Metaspace       used 4125K, capacity 5584K, committed 5760K, reserved 1058816K
  class space    used 448K, capacity 520K, committed 640K, reserved 1048576K
}
Event: 14.941 GC heap before
{Heap before GC invocations=2 (full 1):
 PSYoungGen      total 18944K, used 1898K [0x00000000eab00000, 0x00000000ec000000, 0x0000000100000000)
  eden space 16384K, 0% used [0x00000000eab00000,0x00000000eab00000,0x00000000ebb00000)
  from space 2560K, 74% used [0x00000000ebb00000,0x00000000ebcda968,0x00000000ebd80000)
  to   space 2560K, 0% used [0x00000000ebd80000,0x00000000ebd80000,0x00000000ec000000)
 ParOldGen       total 44032K, used 8K [0x00000000c0000000, 0x00000000c2b00000, 0x00000000eab00000)
  object space 44032K, 0% used [0x00000000c0000000,0x00000000c0002000,0x00000000c2b00000)
 Metaspace       used 4125K, capacity 5584K, committed 5760K, reserved 1058816K
  class space    used 448K, capacity 520K, committed 640K, reserved 1048576K
Event: 14.953 GC heap after
Heap after GC invocations=2 (full 1):
 PSYoungGen      total 18944K, used 0K [0x00000000eab00000, 0x00000000ec000000, 0x0000000100000000)
  eden space 16384K, 0% used [0x00000000eab00000,0x00000000eab00000,0x00000000ebb00000)
  from space 2560K, 0% used [0x00000000ebb00000,0x00000000ebb00000,0x00000000ebd80000)
  to   space 2560K, 0% used [0x00000000ebd80000,0x00000000ebd80000,0x00000000ec000000)
 ParOldGen       total 18432K, used 1712K [0x00000000c0000000, 0x00000000c1200000, 0x00000000eab00000)
  object space 18432K, 9% used [0x00000000c0000000,0x00000000c01ac118,0x00000000c1200000)
 Metaspace       used 4125K, capacity 5584K, committed 5760K, reserved 1058816K
  class space    used 448K, capacity 520K, committed 640K, reserved 1048576K
}
Event: 19.266 GC heap before
{Heap before GC invocations=3 (full 1):
 PSYoungGen      total 18944K, used 16384K [0x00000000eab00000, 0x00000000ec000000, 0x0000000100000000)
  eden space 16384K, 100% used [0x00000000eab00000,0x00000000ebb00000,0x00000000ebb00000)
  from space 2560K, 0% used [0x00000000ebb00000,0x00000000ebb00000,0x00000000ebd80000)
  to   space 2560K, 0% used [0x00000000ebd80000,0x00000000ebd80000,0x00000000ec000000)
 ParOldGen       total 18432K, used 1712K [0x00000000c0000000, 0x00000000c1200000, 0x00000000eab00000)
  object space 18432K, 9% used [0x00000000c0000000,0x00000000c01ac118,0x00000000c1200000)
 Metaspace       used 5399K, capacity 6704K, committed 6784K, reserved 1058816K
  class space    used 546K, capacity 616K, committed 640K, reserved 1048576K
Event: 19.271 GC heap after
Heap after GC invocations=3 (full 1):
 PSYoungGen      total 18944K, used 2544K [0x00000000eab00000, 0x00000000ec000000, 0x0000000100000000)
  eden space 16384K, 0% used [0x00000000eab00000,0x00000000eab00000,0x00000000ebb00000)
  from space 2560K, 99% used [0x00000000ebd80000,0x00000000ebffc028,0x00000000ec000000)
  to   space 2560K, 0% used [0x00000000ebb00000,0x00000000ebb00000,0x00000000ebd80000)
 ParOldGen       total 18432K, used 2530K [0x00000000c0000000, 0x00000000c1200000, 0x00000000eab00000)
  object space 18432K, 13% used [0x00000000c0000000,0x00000000c0278830,0x00000000c1200000)
 Metaspace       used 5399K, capacity 6704K, committed 6784K, reserved 1058816K
  class space    used 546K, capacity 616K, committed 640K, reserved 1048576K
}

Deoptimization events (5 events):
Event: 9.831 Thread 0x00000000023bf000 Uncommon trap: reason=unstable_if action=reinterpret pc=0x00000000028eb644 method=java.lang.String.indexOf(II)I @ 49
Event: 19.049 Thread 0x00000000023bf000 Uncommon trap: reason=class_check action=maybe_recompile pc=0x00000000029e1b20 method=com.android.dx.ssa.NormalSsaInsn.accept(Lcom/android/dx/ssa/SsaInsn$Visitor;)V @ 9
Event: 19.049 Thread 0x00000000023bf000 Uncommon trap: reason=class_check action=maybe_recompile pc=0x00000000029e1b20 method=com.android.dx.ssa.NormalSsaInsn.accept(Lcom/android/dx/ssa/SsaInsn$Visitor;)V @ 9
Event: 19.049 Thread 0x00000000023bf000 Uncommon trap: reason=class_check action=maybe_recompile pc=0x00000000029e1b20 method=com.android.dx.ssa.NormalSsaInsn.accept(Lcom/android/dx/ssa/SsaInsn$Visitor;)V @ 9
Event: 19.049 Thread 0x00000000023bf000 Uncommon trap: reason=class_check action=maybe_recompile pc=0x00000000029e1b20 method=com.android.dx.ssa.NormalSsaInsn.accept(Lcom/android/dx/ssa/SsaInsn$Visitor;)V @ 9

Internal exceptions (2 events):
Event: 3.627 Thread 0x00000000023bf000 Exception <a 'java/lang/NoSuchMethodError': Method sun.misc.Unsafe.defineClass(Ljava/lang/String;[BII)Ljava/lang/Class; name or signature does not match> (0x00000000eab0d710) thrown at [C:\re\workspace\8-2-build-windows-amd64-cygwin\jdk8u45\3627\hotspot\srô7§’È@
Event: 3.627 Thread 0x00000000023bf000 Exception <a 'java/lang/NoSuchMethodError': Method sun.misc.Unsafe.prefetchRead(Ljava/lang/Object;J)V name or signature does not match> (0x00000000eab0d9a0) thrown at [C:\re\workspace\8-2-build-windows-amd64-cygwin\jdk8u45\3627\hotspot\src\share\vm\prims\j

Events (10 events):
Event: 19.049 Thread 0x00000000023bf000 DEOPT PACKING pc=0x00000000029e1b20 sp=0x00000000024be570
Event: 19.049 Thread 0x00000000023bf000 DEOPT UNPACKING pc=0x00000000027d582a sp=0x00000000024be500 mode 2
Event: 19.049 Thread 0x00000000023bf000 Uncommon trap: trap_request=0xffffffde fr.pc=0x00000000029e1b20
Event: 19.049 Thread 0x00000000023bf000 DEOPT PACKING pc=0x00000000029e1b20 sp=0x00000000024be570
Event: 19.049 Thread 0x00000000023bf000 DEOPT UNPACKING pc=0x00000000027d582a sp=0x00000000024be500 mode 2
Event: 19.266 Executing VM operation: ParallelGCFailedAllocation
Event: 19.271 Executing VM operation: ParallelGCFailedAllocation done
Event: 21.402 Executing VM operation: CollectForMetadataAllocation
Event: 22.402 Executing VM operation: CollectForMetadataAllocation done
Event: 22.402 Thread 0x0000000016746000 flushing nmethod 0x000000000288fed0


Dynamic libraries:
0x000000013f7b0000 - 0x000000013f7e7000 	D:\sdk\Java\jdk1.8.0_45\bin\java.exe
0x00000000779e0000 - 0x0000000077b8b000 	C:\Windows\SYSTEM32\ntdll.dll
0x00000000778c0000 - 0x00000000779df000 	C:\Windows\system32\kernel32.dll
0x000007fefe020000 - 0x000007fefe08b000 	C:\Windows\system32\KERNELBASE.dll
0x000007feffb30000 - 0x000007feffc0b000 	C:\Windows\system32\ADVAPI32.dll
0x000007feff810000 - 0x000007feff8af000 	C:\Windows\system32\msvcrt.dll
0x000007fefe6e0000 - 0x000007fefe6ff000 	C:\Windows\SYSTEM32\sechost.dll
0x000007fefe7a0000 - 0x000007fefe8ce000 	C:\Windows\system32\RPCRT4.dll
0x00000000777c0000 - 0x00000000778ba000 	C:\Windows\system32\USER32.dll
0x000007feff8f0000 - 0x000007feff957000 	C:\Windows\system32\GDI32.dll
0x000007feff800000 - 0x000007feff80e000 	C:\Windows\system32\LPK.dll
0x000007feff730000 - 0x000007feff7fa000 	C:\Windows\system32\USP10.dll
0x000007fefc650000 - 0x000007fefc844000 	C:\Windows\WinSxS\amd64_microsoft.windows.common-controls_6595b64144ccf1df_6.0.7600.16385_none_fa645303170382f6\COMCTL32.dll
0x000007fefe920000 - 0x000007fefe991000 	C:\Windows\system32\SHLWAPI.dll
0x000007feff8b0000 - 0x000007feff8de000 	C:\Windows\system32\IMM32.DLL
0x000007feffa20000 - 0x000007feffb29000 	C:\Windows\system32\MSCTF.dll
0x0000000056580000 - 0x0000000056652000 	D:\sdk\Java\jdk1.8.0_45\jre\bin\msvcr100.dll
0x00000000532a0000 - 0x0000000053b23000 	D:\sdk\Java\jdk1.8.0_45\jre\bin\server\jvm.dll
0x000007fef36d0000 - 0x000007fef36d9000 	C:\Windows\system32\WSOCK32.dll
0x000007fefe610000 - 0x000007fefe65d000 	C:\Windows\system32\WS2_32.dll
0x000007feff8e0000 - 0x000007feff8e8000 	C:\Windows\system32\NSI.dll
0x000007fefbe90000 - 0x000007fefbecb000 	C:\Windows\system32\WINMM.dll
0x000007fefcf70000 - 0x000007fefcf7c000 	C:\Windows\system32\VERSION.dll
0x0000000077ba0000 - 0x0000000077ba7000 	C:\Windows\system32\PSAPI.DLL
0x0000000075250000 - 0x000000007525f000 	D:\sdk\Java\jdk1.8.0_45\jre\bin\verify.dll
0x0000000075220000 - 0x0000000075249000 	D:\sdk\Java\jdk1.8.0_45\jre\bin\java.dll
0x00000000751e0000 - 0x00000000751f6000 	D:\sdk\Java\jdk1.8.0_45\jre\bin\zip.dll
0x000007fefe9a0000 - 0x000007feff726000 	C:\Windows\system32\SHELL32.dll
0x000007fefe220000 - 0x000007fefe421000 	C:\Windows\system32\ole32.dll
0x000007fefde50000 - 0x000007fefde5f000 	C:\Windows\system32\profapi.dll
0x000007fef5b40000 - 0x000007fef5c65000 	C:\Windows\system32\dbghelp.dll

VM Arguments:
jvm_args: -Xmx1024M -Dfile.encoding=windows-1252 -Duser.country=ES -Duser.language=es -Duser.variant 
java_command: com.android.dx.command.Main --dex --output D:\PROJECTS\AndroidStudioProjects\SpotifyStreamer\app\build\intermediates\pre-dexed\debug\gson-2.3.1-db5d347e8796a2b25d3780eab49ce102a1fb5cd4.jar C:\Users\z017\.gradle\caches\modules-2\files-2.1\com.google.code.gson\gson\2.3.1\ecb6e1f8e4b0e84c4b886c2f14a1500caf309757\gson-2.3.1.jar
java_class_path (initial): D:\sdk\Android\sdk\build-tools\22.0.1\lib\dx.jar
Launcher Type: SUN_STANDARD

Environment Variables:
JAVA_HOME=D:\sdk\Java\jdk1.8.0_45
PATH=C:\ProgramData\Oracle\Java\javapath;D:\sdk\Ruby200-x64\bin;C:\Program Files (x86)\TEC-IT\TBarCode8\Bin;C:\Windows\system32;C:\Windows;C:\Windows\System32\Wbem;C:\Windows\System32\WindowsPowerShell\v1.0\;C:\Program Files (x86)\ATI Technologies\ATI.ACE\Core-Static;C:\Program Files (x86)\PostgreSQL\8.3\bin;D:\sdk\mysql\bin;C:\Program Files (x86)\Git\bin;C:\Program Files (x86)\Git\cmd;D:\sdk\Python27;D:\sdk\google-cloud-sdk\bin;D:\sdk\xampp\php;C:\ProgramData\ComposerSetup\bin;D:\sdk\google-cloud-sdk\google-cloud-sdk\bin;C:\ProgramData\chocolatey\bin;D:\sdk\Go\bin;C:\Program Files\Mercurial\;D:\sdk\nodejs\;D:\sdk\Ruby200-x64\bin;C:\Program Files (x86)\TEC-IT\TBarCode8\Bin;C:\Windows\system32;C:\Windows;C:\Windows\System32\Wbem;C:\Windows\System32\WindowsPowerShell\v1.0\;C:\Program Files (x86)\ATI Technologies\ATI.ACE\Core-Static;C:\Program Files\MATLAB\R2009a\bin;C:\Program Files\MATLAB\R2009a\bin\win64;C:\Program Files (x86)\PostgreSQL\8.3\bin;D:\sdk\mysql\bin;D:\sdk\nodejs\;C:\Program Files (x86)\Git\cmd;D:\sdk\Python27;D:\sdk\dart\dart-sdk\bin;D:\sdk\Python27\Scripts;D:\sdk\Go\bin;D:\PROJECTS\_go\bin;C:\Program Files\Mercurial;D:\sdk\winbuilds\bin;C:\Users\z017\AppData\Local\atom\bin;C:\Users\z017\AppData\Roaming\npm
USERNAME=z017
OS=Windows_NT
PROCESSOR_IDENTIFIER=Intel64 Family 6 Model 30 Stepping 5, GenuineIntel



---------------  S Y S T E M  ---------------

OS: Windows 7 , 64 bit Build 7600 (6.1.7600.16385)

CPU:total 8 (4 cores per cpu, 2 threads per core) family 6 model 30 stepping 5, cmov, cx8, fxsr, mmx, sse, sse2, sse3, ssse3, sse4.1, sse4.2, popcnt, ht, tsc, tscinvbit

Memory: 4k page, physical 4117004k(162692k free), swap 10801584k(14996k free)

vm_info: Java HotSpot(TM) 64-Bit Server VM (25.45-b02) for windows-amd64 JRE (1.8.0_45-b15), built on Apr 30 2015 12:40:44 by "java_re" with MS VC++ 10.0 (VS2010)

time: Sun Jun 14 04:26:20 2015
elapsed time: 28 seconds (0d 0h 0m 28s)

