#
# There is insufficient memory for the Java Runtime Environment to continue.
# Native memory allocation (malloc) failed to allocate 32744 bytes for ChunkPool::allocate
# Possible reasons:
#   The system is out of physical RAM or swap space
#   In 32 bit mode, the process size limit was hit
# Possible solutions:
#   Reduce memory load on the system
#   Increase physical memory or swap space
#   Check if swap backing store is full
#   Use 64 bit Java on a 64 bit OS
#   Decrease Java heap size (-Xmx/-Xms)
#   Decrease number of Java threads
#   Decrease Java thread stack sizes (-Xss)
#   Set larger code cache with -XX:ReservedCodeCacheSize=
# This output file may be truncated or incomplete.
#
#  Out of Memory Error (allocation.cpp:273), pid=4916, tid=6652
#
# JRE version: Java(TM) SE Runtime Environment (8.0_45-b15) (build 1.8.0_45-b15)
# Java VM: Java HotSpot(TM) 64-Bit Server VM (25.45-b02 mixed mode windows-amd64 compressed oops)
# Failed to write core dump. Minidumps are not enabled by default on client versions of Windows
#

---------------  T H R E A D  ---------------

Current thread (0x0000000016755000):  JavaThread "C1 CompilerThread3" daemon [_thread_in_native, id=6652, stack(0x00000000183c0000,0x00000000184c0000)]

Stack: [0x00000000183c0000,0x00000000184c0000]
Native frames: (J=compiled Java code, j=interpreted, Vv=VM code, C=native code)
V  [jvm.dll+0x32b57a]


Current CompileTask:
C1:  22860  599   !   3       com.android.dx.cf.cst.ConstantPoolParser::parse0 (731 bytes)


---------------  P R O C E S S  ---------------

Java Threads: ( => current thread )
  0x000000001676e000 JavaThread "Service Thread" daemon [_thread_blocked, id=9832, stack(0x0000000018520000,0x0000000018620000)]
=>0x0000000016755000 JavaThread "C1 CompilerThread3" daemon [_thread_in_native, id=6652, stack(0x00000000183c0000,0x00000000184c0000)]
  0x000000001574a000 JavaThread "C2 CompilerThread2" daemon [_thread_in_native, id=9640, stack(0x0000000018170000,0x0000000018270000)]
  0x00000000166f0000 JavaThread "C2 CompilerThread1" daemon [_thread_in_native, id=5636, stack(0x0000000017ee0000,0x0000000017fe0000)]
  0x00000000166e6000 JavaThread "C2 CompilerThread0" daemon [_thread_in_native, id=1168, stack(0x0000000017d10000,0x0000000017e10000)]
  0x00000000166e5000 JavaThread "Attach Listener" daemon [_thread_blocked, id=7452, stack(0x0000000017960000,0x0000000017a60000)]
  0x00000000166e3800 JavaThread "Signal Dispatcher" daemon [_thread_blocked, id=6592, stack(0x0000000017b30000,0x0000000017c30000)]
  0x000000001573d800 JavaThread "Finalizer" daemon [_thread_blocked, id=2484, stack(0x0000000017850000,0x0000000017950000)]
  0x0000000015737000 JavaThread "Reference Handler" daemon [_thread_blocked, id=6820, stack(0x0000000017730000,0x0000000017830000)]
  0x000000000015f000 JavaThread "main" [_thread_in_Java, id=7032, stack(0x0000000002420000,0x0000000002520000)]

Other Threads:
  0x0000000016693800 VMThread [stack: 0x0000000017620000,0x0000000017720000] [id=6136]
  0x0000000016764800 WatcherThread [stack: 0x0000000018680000,0x0000000018780000] [id=9616]

VM state:not at safepoint (normal execution)

VM Mutex/Monitor currently owned by a thread: None

Heap:
 PSYoungGen      total 18944K, used 10117K [0x00000000eab00000, 0x00000000ec000000, 0x0000000100000000)
  eden space 16384K, 61% used [0x00000000eab00000,0x00000000eb4e16f0,0x00000000ebb00000)
  from space 2560K, 0% used [0x00000000ebd80000,0x00000000ebd80000,0x00000000ec000000)
  to   space 2560K, 0% used [0x00000000ebb00000,0x00000000ebb00000,0x00000000ebd80000)
 ParOldGen       total 44032K, used 0K [0x00000000c0000000, 0x00000000c2b00000, 0x00000000eab00000)
  object space 44032K, 0% used [0x00000000c0000000,0x00000000c0000000,0x00000000c2b00000)
 Metaspace       used 5121K, capacity 6448K, committed 6528K, reserved 1058816K
  class space    used 544K, capacity 616K, committed 640K, reserved 1048576K

Card table byte_map: [0x0000000011bb0000,0x0000000011dc0000] byte_map_base: 0x00000000115b0000

Marking Bits: (ParMarkBitMap*) 0x0000000053aa4040
 Begin Bits: [0x0000000012b50000, 0x0000000013b50000)
 End Bits:   [0x0000000013b50000, 0x0000000014b50000)

Polling page: 0x0000000000130000

CodeCache: size=245760Kb used=2190Kb max_used=2201Kb free=243570Kb
 bounds [0x00000000027f0000, 0x0000000002a60000, 0x00000000117f0000]
 total_blobs=852 nmethods=590 adapters=176
 compilation: enabled

Compilation events (10 events):
Event: 19.844 Thread 0x0000000016755000  588       3       com.android.dx.ssa.SsaBasicBlock::getCountPhiInsns (45 bytes)
Event: 19.844 Thread 0x00000000166e6000  595       4       com.android.dx.util.MutabilityControl::throwIfImmutable (18 bytes)
Event: 19.845 Thread 0x0000000016755000 nmethod 588 0x0000000002a12910 code [0x0000000002a12ae0, 0x0000000002a131b8]
Event: 19.845 Thread 0x0000000016755000  589       3       java.util.ArrayList::subListRangeCheck (110 bytes)
Event: 19.845 Thread 0x00000000166e6000 nmethod 595 0x00000000029edb90 code [0x00000000029edcc0, 0x00000000029edd38]
Event: 19.846 Thread 0x0000000016755000 nmethod 589 0x0000000002a14d10 code [0x0000000002a15040, 0x0000000002a16928]
Event: 19.846 Thread 0x0000000016755000  599   !   3       com.android.dx.cf.cst.ConstantPoolParser::parse0 (731 bytes)
Event: 19.853 Thread 0x00000000166e6000  602       4       java.lang.String::compareTo (78 bytes)
Event: 19.855 Thread 0x00000000166f0000  605       4       java.util.HashMap::get (23 bytes)
Event: 19.855 Thread 0x000000001574a000  604       4       java.lang.Long::bitCount (61 bytes)

GC Heap History (0 events):
No events

Deoptimization events (1 events):
Event: 19.827 Thread 0x000000000015f000 Uncommon trap: reason=unstable_if action=reinterpret pc=0x00000000029d0b2c method=java.util.HashMap.getNode(ILjava/lang/Object;)Ljava/util/HashMap$Node; @ 62

Internal exceptions (2 events):
Event: 5.479 Thread 0x000000000015f000 Exception <a 'java/lang/NoSuchMethodError': Method sun.misc.Unsafe.defineClass(Ljava/lang/String;[BII)Ljava/lang/Class; name or signature does not match> (0x00000000eab0d728) thrown at [C:\re\workspace\8-2-build-windows-amd64-cygwin\jdk8u45\3627\hotspot\srÖ—±™Hê@
Event: 5.479 Thread 0x000000000015f000 Exception <a 'java/lang/NoSuchMethodError': Method sun.misc.Unsafe.prefetchRead(Ljava/lang/Object;J)V name or signature does not match> (0x00000000eab0d9b8) thrown at [C:\re\workspace\8-2-build-windows-amd64-cygwin\jdk8u45\3627\hotspot\src\share\vm\prims\j

Events (10 events):
Event: 19.833 loading class com/android/dx/cf/attrib/AttEnclosingMethod
Event: 19.833 loading class com/android/dx/cf/attrib/AttEnclosingMethod done
Event: 19.846 loading class com/android/dx/dex/file/FieldAnnotationStruct
Event: 19.846 loading class com/android/dx/dex/file/FieldAnnotationStruct done
Event: 19.849 loading class com/android/dx/cf/code/Ropper$ExceptionHandlerSetup
Event: 19.849 loading class com/android/dx/cf/code/Ropper$ExceptionHandlerSetup done
Event: 19.851 loading class java/util/HashMap$Values
Event: 19.851 loading class java/util/HashMap$Values done
Event: 19.851 loading class java/util/HashMap$ValueIterator
Event: 19.851 loading class java/util/HashMap$ValueIterator done


Dynamic libraries:
0x000000013f7b0000 - 0x000000013f7e7000 	D:\sdk\Java\jdk1.8.0_45\bin\java.exe
0x00000000779e0000 - 0x0000000077b8b000 	C:\Windows\SYSTEM32\ntdll.dll
0x00000000778c0000 - 0x00000000779df000 	C:\Windows\system32\kernel32.dll
0x000007fefe020000 - 0x000007fefe08b000 	C:\Windows\system32\KERNELBASE.dll
0x000007feffb30000 - 0x000007feffc0b000 	C:\Windows\system32\ADVAPI32.dll
0x000007feff810000 - 0x000007feff8af000 	C:\Windows\system32\msvcrt.dll
0x000007fefe6e0000 - 0x000007fefe6ff000 	C:\Windows\SYSTEM32\sechost.dll
0x000007fefe7a0000 - 0x000007fefe8ce000 	C:\Windows\system32\RPCRT4.dll
0x00000000777c0000 - 0x00000000778ba000 	C:\Windows\system32\USER32.dll
0x000007feff8f0000 - 0x000007feff957000 	C:\Windows\system32\GDI32.dll
0x000007feff800000 - 0x000007feff80e000 	C:\Windows\system32\LPK.dll
0x000007feff730000 - 0x000007feff7fa000 	C:\Windows\system32\USP10.dll
0x000007fefc650000 - 0x000007fefc844000 	C:\Windows\WinSxS\amd64_microsoft.windows.common-controls_6595b64144ccf1df_6.0.7600.16385_none_fa645303170382f6\COMCTL32.dll
0x000007fefe920000 - 0x000007fefe991000 	C:\Windows\system32\SHLWAPI.dll
0x000007feff8b0000 - 0x000007feff8de000 	C:\Windows\system32\IMM32.DLL
0x000007feffa20000 - 0x000007feffb29000 	C:\Windows\system32\MSCTF.dll
0x0000000056580000 - 0x0000000056652000 	D:\sdk\Java\jdk1.8.0_45\jre\bin\msvcr100.dll
0x00000000532a0000 - 0x0000000053b23000 	D:\sdk\Java\jdk1.8.0_45\jre\bin\server\jvm.dll
0x000007fef36d0000 - 0x000007fef36d9000 	C:\Windows\system32\WSOCK32.dll
0x000007fefe610000 - 0x000007fefe65d000 	C:\Windows\system32\WS2_32.dll
0x000007feff8e0000 - 0x000007feff8e8000 	C:\Windows\system32\NSI.dll
0x000007fefbe90000 - 0x000007fefbecb000 	C:\Windows\system32\WINMM.dll
0x000007fefcf70000 - 0x000007fefcf7c000 	C:\Windows\system32\VERSION.dll
0x0000000077ba0000 - 0x0000000077ba7000 	C:\Windows\system32\PSAPI.DLL
0x0000000075250000 - 0x000000007525f000 	D:\sdk\Java\jdk1.8.0_45\jre\bin\verify.dll
0x0000000075220000 - 0x0000000075249000 	D:\sdk\Java\jdk1.8.0_45\jre\bin\java.dll
0x00000000751e0000 - 0x00000000751f6000 	D:\sdk\Java\jdk1.8.0_45\jre\bin\zip.dll
0x000007fefe9a0000 - 0x000007feff726000 	C:\Windows\system32\SHELL32.dll
0x000007fefe220000 - 0x000007fefe421000 	C:\Windows\system32\ole32.dll
0x000007fefde50000 - 0x000007fefde5f000 	C:\Windows\system32\profapi.dll

VM Arguments:
jvm_args: -Xmx1024M -Dfile.encoding=windows-1252 -Duser.country=ES -Duser.language=es -Duser.variant 
java_command: com.android.dx.command.Main --dex --output D:\PROJECTS\AndroidStudioProjects\SpotifyStreamer\app\build\intermediates\pre-dexed\debug\retrofit-1.9.0-e467059c17478a8d37b6bbcd1801b1208f41ad5a.jar C:\Users\z017\.gradle\caches\modules-2\files-2.1\com.squareup.retrofit\retrofit\1.9.0\a681c044244d9fc375198588297a39ba78028423\retrofit-1.9.0.jar
java_class_path (initial): D:\sdk\Android\sdk\build-tools\22.0.1\lib\dx.jar
Launcher Type: SUN_STANDARD

Environment Variables:
JAVA_HOME=D:\sdk\Java\jdk1.8.0_45
PATH=C:\ProgramData\Oracle\Java\javapath;D:\sdk\Ruby200-x64\bin;C:\Program Files (x86)\TEC-IT\TBarCode8\Bin;C:\Windows\system32;C:\Windows;C:\Windows\System32\Wbem;C:\Windows\System32\WindowsPowerShell\v1.0\;C:\Program Files (x86)\ATI Technologies\ATI.ACE\Core-Static;C:\Program Files (x86)\PostgreSQL\8.3\bin;D:\sdk\mysql\bin;C:\Program Files (x86)\Git\bin;C:\Program Files (x86)\Git\cmd;D:\sdk\Python27;D:\sdk\google-cloud-sdk\bin;D:\sdk\xampp\php;C:\ProgramData\ComposerSetup\bin;D:\sdk\google-cloud-sdk\google-cloud-sdk\bin;C:\ProgramData\chocolatey\bin;D:\sdk\Go\bin;C:\Program Files\Mercurial\;D:\sdk\nodejs\;D:\sdk\Ruby200-x64\bin;C:\Program Files (x86)\TEC-IT\TBarCode8\Bin;C:\Windows\system32;C:\Windows;C:\Windows\System32\Wbem;C:\Windows\System32\WindowsPowerShell\v1.0\;C:\Program Files (x86)\ATI Technologies\ATI.ACE\Core-Static;C:\Program Files\MATLAB\R2009a\bin;C:\Program Files\MATLAB\R2009a\bin\win64;C:\Program Files (x86)\PostgreSQL\8.3\bin;D:\sdk\mysql\bin;D:\sdk\nodejs\;C:\Program Files (x86)\Git\cmd;D:\sdk\Python27;D:\sdk\dart\dart-sdk\bin;D:\sdk\Python27\Scripts;D:\sdk\Go\bin;D:\PROJECTS\_go\bin;C:\Program Files\Mercurial;D:\sdk\winbuilds\bin;C:\Users\z017\AppData\Local\atom\bin;C:\Users\z017\AppData\Roaming\npm
USERNAME=z017
OS=Windows_NT
PROCESSOR_IDENTIFIER=Intel64 Family 6 Model 30 Stepping 5, GenuineIntel



---------------  S Y S T E M  ---------------

OS: Windows 7 , 64 bit Build 7600 (6.1.7600.16385)

CPU:total 8 (4 cores per cpu, 2 threads per core) family 6 model 30 stepping 5, cmov, cx8, fxsr, mmx, sse, sse2, sse3, ssse3, sse4.1, sse4.2, popcnt, ht, tsc, tscinvbit

Memory: 4k page, physical 4117004k(125812k free), swap 10801584k(36376k free)

vm_info: Java HotSpot(TM) 64-Bit Server VM (25.45-b02) for windows-amd64 JRE (1.8.0_45-b15), built on Apr 30 2015 12:40:44 by "java_re" with MS VC++ 10.0 (VS2010)

time: Sun Jun 14 04:26:17 2015
elapsed time: 27 seconds (0d 0h 0m 27s)

